<?xml version="1.0" encoding="UTF-8"?>
<!-- Generated by org.testng.reporters.JUnitXMLReporter -->
<testsuite ignored="0" hostname="DESKTOP-UE7TLLR" failures="0" tests="3" name="Default test" time="44.098" errors="0" timestamp="2022-07-25T16:54:45 IST">
  <testcase classname="TempsusCentralAccountDetails.AddLogo" name="login" time="1.111"/>
  <testcase classname="TempsusCentralAccountDetails.AddLogo" name="addJPGfileLogo" time="18.354"/>
  <testcase classname="TempsusCentralAccountDetails.AddLogo" name="addExcelsheet" time="16.934"/>
</testsuite> <!-- Default test -->
