<?xml version="1.0" encoding="UTF-8"?>
<!-- Generated by org.testng.reporters.JUnitXMLReporter -->
<testsuite ignored="3" hostname="DESKTOP-UE7TLLR" failures="2" tests="2" name="AccountAddNewFields" time="7.995" errors="0" timestamp="2022-07-22T10:04:01 IST">
  <testcase classname="TempsusCentralLoginPageSetup.LoginPageSetup" name="getScreenShotPath" time="0.0">
    <failure type="org.testng.TestNGException" message="
Cannot inject @Test annotated Method [getScreenShotPath] with [class java.lang.String, interface org.openqa.selenium.WebDriver].
For more information on native dependency injection please refer to https://testng.org/doc/documentation-main.html#native-dependency-injection">
      <![CDATA[org.testng.TestNGException: 
Cannot inject @Test annotated Method [getScreenShotPath] with [class java.lang.String, interface org.openqa.selenium.WebDriver].
For more information on native dependency injection please refer to https://testng.org/doc/documentation-main.html#native-dependency-injection
at java.base/java.util.ArrayList.forEach(ArrayList.java:1511)
... Removed 26 stack frames]]>
    </failure>
  </testcase> <!-- getScreenShotPath -->
  <testcase classname="TempsusCentralAccuntDetails.AccountAddNewFields" name="login" time="6.196">
    <failure type="java.lang.AssertionError" message="expected [Tempus Central] but found [Tempus]">
      <![CDATA[java.lang.AssertionError: expected [Tempus Central] but found [Tempus]
at TempsusCentralAccuntDetails.AccountAddNewFields.login(AccountAddNewFields.java:62)
at java.base/java.util.ArrayList.forEach(ArrayList.java:1511)
... Removed 33 stack frames]]>
    </failure>
  </testcase> <!-- login -->
  <testcase classname="TempsusCentralAccuntDetails.AccountAddNewFields" name="addMandoryDropdownField" time="0.0">
    <ignored/>
  </testcase> <!-- addMandoryDropdownField -->
  <testcase classname="TempsusCentralAccuntDetails.AccountAddNewFields" name="addMandoryTextField" time="0.0">
    <ignored/>
  </testcase> <!-- addMandoryTextField -->
  <testcase classname="TempsusCentralAccuntDetails.AccountAddNewFields" name="DeleteDropDownOption" time="0.0">
    <ignored/>
  </testcase> <!-- DeleteDropDownOption -->
</testsuite> <!-- AccountAddNewFields -->
