<?xml version="1.0" encoding="UTF-8"?>
<!-- Generated by org.testng.reporters.JUnitXMLReporter -->
<testsuite ignored="0" hostname="DESKTOP-UE7TLLR" failures="0" tests="3" name="AddLogo" time="45.83" errors="0" timestamp="2022-07-26T09:17:17 IST">
  <testcase classname="TempsusCentralAccountDetails.AddLogo" name="login" time="0.933"/>
  <testcase classname="TempsusCentralAccountDetails.AddLogo" name="addJPGfileLogo" time="20.08"/>
  <testcase classname="TempsusCentralAccountDetails.AddLogo" name="addExcelsheet" time="18.88"/>
</testsuite> <!-- AddLogo -->
