<?xml version="1.0" encoding="UTF-8"?>
<!-- Generated by org.testng.reporters.JUnitXMLReporter -->
<testsuite ignored="0" hostname="DESKTOP-UE7TLLR" failures="0" tests="4" name="fullUserCompanyLocationAccessCheck" time="22.876" errors="0" timestamp="2022-07-30T10:14:12 IST">
  <testcase classname="AdminRoleMaster.AdminRoleCompanyLocationViewAddCheck" name="login" time="5.873"/>
  <testcase classname="AdminRoleMaster.AdminRoleCompanyLocationViewAddCheck" name="companyLocationAdd" time="7.738"/>
  <testcase classname="AdminRoleMaster.AdminRoleCompanyLocationViewAddCheck" name="companyLocatinViewonly" time="4.144"/>
  <testcase classname="AdminRoleMaster.AdminRoleCompanyLocationViewAddCheck" name="companyLocationDelete" time="4.217"/>
</testsuite> <!-- fullUserCompanyLocationAccessCheck -->
