<?xml version="1.0" encoding="UTF-8"?>
<!-- Generated by org.testng.reporters.JUnitXMLReporter -->
<testsuite ignored="3" hostname="DESKTOP-UE7TLLR" failures="0" tests="2" name="FullUserAdminRoleCompanyLocationVeiwAddOnly" time="13.337" errors="0" timestamp="2022-07-30T10:13:49 IST">
  <testcase classname="AdminRoleMaster.FullUserAdminRoleCompanyLocationVeiwAddOnly" name="login" time="5.88"/>
  <testcase classname="AdminRoleMaster.FullUserAdminRoleCompanyLocationVeiwAddOnly" name="fullUseAccessAddOnly" time="5.195"/>
  <testcase classname="AdminRoleMaster.FullUserAdminRoleCompanyLocationVeiwAddOnly" name="fullAccessUserEditAccountOnly" time="0.0">
    <ignored/>
  </testcase> <!-- fullAccessUserEditAccountOnly -->
  <testcase classname="AdminRoleMaster.FullUserAdminRoleCompanyLocationVeiwAddOnly" name="fullAccessUserViewCompanyLocationOnly" time="0.0">
    <ignored/>
  </testcase> <!-- fullAccessUserViewCompanyLocationOnly -->
  <testcase classname="AdminRoleMaster.FullUserAdminRoleCompanyLocationVeiwAddOnly" name="fullAccessUserDeleteRecord" time="0.0">
    <ignored/>
  </testcase> <!-- fullAccessUserDeleteRecord -->
</testsuite> <!-- FullUserAdminRoleCompanyLocationVeiwAddOnly -->
