<?xml version="1.0" encoding="UTF-8"?>
<!-- Generated by org.testng.reporters.JUnitXMLReporter -->
<testsuite ignored="0" hostname="DESKTOP-UE7TLLR" failures="0" tests="3" name="selectParentLocation" time="20.729" errors="0" timestamp="2022-07-26T15:35:39 IST">
  <testcase classname="companyDetails.selectParentLocation" name="login" time="6.16"/>
  <testcase classname="companyDetails.selectParentLocation" name="seleetParentLocationfirttime" time="6.971"/>
  <testcase classname="companyDetails.selectParentLocation" name="seleetParentLocationsecond" time="6.731"/>
</testsuite> <!-- selectParentLocation -->
