<?xml version="1.0" encoding="UTF-8"?>
<testsuite hostname="DESKTOP-UE7TLLR" failures="0" tests="5" name="TempsusCentralAccountDetails.AccountAddDeleteNewFields" time="93.295" errors="0" timestamp="25 Jul 2022 11:14:17 GMT">
  <testcase classname="TempsusCentralAccountDetails.AccountAddDeleteNewFields" name="login" time="6.343"/>
  <testcase classname="TempsusCentralAccountDetails.AccountAddDeleteNewFields" name="DeleteDropDownOption" time="15.754"/>
  <testcase classname="TempsusCentralAccountDetails.AccountAddDeleteNewFields" name="addMandoryDropdownField" time="18.981"/>
  <testcase classname="TempsusCentralAccountDetails.AccountAddDeleteNewFields" name="addMandoryTextField" time="27.192"/>
  <testcase classname="TempsusCentralAccountDetails.AccountAddDeleteNewFields" name="deleteMandoryTextField" time="19.391"/>
</testsuite>
