<?xml version="1.0" encoding="UTF-8"?>
<testng-results ignored="0" total="3" passed="3" failed="0" skipped="0">
  <reporter-output>
  </reporter-output>
  <suite started-at="2022-07-25T16:54:01 IST" name="Default suite" finished-at="2022-07-25T16:54:45 IST" duration-ms="44098">
    <groups>
    </groups>
    <test started-at="2022-07-25T16:54:01 IST" name="Default test" finished-at="2022-07-25T16:54:45 IST" duration-ms="44098">
      <class name="TempsusCentralAccountDetails.AddLogo">
        <test-method is-config="true" signature="executebrowser()[pri:0, instance:TempsusCentralAccountDetails.AddLogo@18df8434]" started-at="2022-07-25T16:54:01 IST" name="executebrowser" finished-at="2022-07-25T16:54:03 IST" duration-ms="2524" status="PASS">
          <reporter-output>
          </reporter-output>
        </test-method> <!-- executebrowser -->
        <test-method signature="login()[pri:1, instance:TempsusCentralAccountDetails.AddLogo@18df8434]" started-at="2022-07-25T16:54:03 IST" name="login" finished-at="2022-07-25T16:54:04 IST" duration-ms="1111" status="PASS">
          <reporter-output>
          </reporter-output>
        </test-method> <!-- login -->
        <test-method signature="addJPGfileLogo()[pri:2, instance:TempsusCentralAccountDetails.AddLogo@18df8434]" started-at="2022-07-25T16:54:04 IST" name="addJPGfileLogo" finished-at="2022-07-25T16:54:23 IST" duration-ms="18354" status="PASS">
          <reporter-output>
          </reporter-output>
        </test-method> <!-- addJPGfileLogo -->
        <test-method signature="addExcelsheet()[pri:3, instance:TempsusCentralAccountDetails.AddLogo@18df8434]" started-at="2022-07-25T16:54:23 IST" name="addExcelsheet" finished-at="2022-07-25T16:54:40 IST" duration-ms="16934" status="PASS">
          <reporter-output>
          </reporter-output>
        </test-method> <!-- addExcelsheet -->
        <test-method is-config="true" signature="testdown()[pri:0, instance:TempsusCentralAccountDetails.AddLogo@18df8434]" started-at="2022-07-25T16:54:40 IST" name="testdown" finished-at="2022-07-25T16:54:45 IST" duration-ms="5141" status="PASS">
          <reporter-output>
          </reporter-output>
        </test-method> <!-- testdown -->
      </class> <!-- TempsusCentralAccountDetails.AddLogo -->
    </test> <!-- Default test -->
  </suite> <!-- Default suite -->
</testng-results>
