<?xml version="1.0" encoding="UTF-8"?>
<testng-results ignored="0" total="1" passed="1" failed="0" skipped="0">
  <reporter-output>
  </reporter-output>
  <suite started-at="2022-07-30T17:57:21 IST" name="Default suite" finished-at="2022-07-30T17:57:31 IST" duration-ms="10317">
    <groups>
    </groups>
    <test started-at="2022-07-30T17:57:21 IST" name="Default test" finished-at="2022-07-30T17:57:31 IST" duration-ms="10317">
      <class name="EmployeeFormSetUp.deleteNewDropDownField">
        <test-method is-config="true" signature="executebrowser()[pri:0, instance:EmployeeFormSetUp.deleteNewDropDownField@4d154ccd]" started-at="2022-07-30T17:57:21 IST" name="executebrowser" finished-at="2022-07-30T17:57:23 IST" duration-ms="1873" status="PASS">
          <reporter-output>
          </reporter-output>
        </test-method> <!-- executebrowser -->
        <test-method signature="fieldsblank()[pri:0, instance:EmployeeFormSetUp.deleteNewDropDownField@4d154ccd]" started-at="2022-07-30T17:57:23 IST" name="fieldsblank" finished-at="2022-07-30T17:57:31 IST" duration-ms="7971" status="PASS">
          <reporter-output>
          </reporter-output>
        </test-method> <!-- fieldsblank -->
        <test-method is-config="true" signature="teardown()[pri:0, instance:EmployeeFormSetUp.deleteNewDropDownField@4d154ccd]" started-at="2022-07-30T17:57:31 IST" name="teardown" finished-at="2022-07-30T17:57:31 IST" duration-ms="446" status="PASS">
          <reporter-output>
          </reporter-output>
        </test-method> <!-- teardown -->
      </class> <!-- EmployeeFormSetUp.deleteNewDropDownField -->
    </test> <!-- Default test -->
  </suite> <!-- Default suite -->
</testng-results>
